<?xml version="1.0" encoding="UTF-8"?>
<!-- Generated by org.testng.reporters.JUnitReportReporter -->
<testsuite hostname="WSAMZN-AO2UGDUI" failures="0" tests="1" name="flipkart_Project_TEST_Classes.Flipkart_Verify_Login_Functionality" time="0.072" errors="0" timestamp="2024-06-19T06:07:12 UTC" skipped="0">
  <testcase classname="flipkart_Project_TEST_Classes.Flipkart_Verify_Login_Functionality" name="verify_Login_Functionality" time="0.072"/>
  <system-out/>
</testsuite> <!-- flipkart_Project_TEST_Classes.Flipkart_Verify_Login_Functionality -->
